SF:C:\Users\ulas.erkus\source\repos\fluent-dynamics\FluentDynamics.QueryBuilder\DynamicsExtensions.cs
FN:23,FluentDynamics.QueryBuilder.QueryExpressionBuilder FluentDynamics.QueryBuilder.DynamicsExtensions::DeepClone(FluentDynamics.QueryBuilder.QueryExpressionBuilder)
FNDA:1,FluentDynamics.QueryBuilder.QueryExpressionBuilder FluentDynamics.QueryBuilder.DynamicsExtensions::DeepClone(FluentDynamics.QueryBuilder.QueryExpressionBuilder)
DA:24,1
DA:25,1
DA:26,1
DA:27,1
FN:36,System.Collections.Generic.List`1<Microsoft.Xrm.Sdk.Entity> FluentDynamics.QueryBuilder.DynamicsExtensions::ToList(Microsoft.Xrm.Sdk.EntityCollection)
FNDA:1,System.Collections.Generic.List`1<Microsoft.Xrm.Sdk.Entity> FluentDynamics.QueryBuilder.DynamicsExtensions::ToList(Microsoft.Xrm.Sdk.EntityCollection)
DA:37,1
BRDA:37,1,0,1
BRDA:37,1,1,0
BRDA:37,13,0,0
BRDA:37,13,1,0
BRDA:37,25,0,1
BRDA:37,25,1,1
FN:47,System.Threading.Tasks.Task`1<System.Collections.Generic.List`1<Microsoft.Xrm.Sdk.Entity>> FluentDynamics.QueryBuilder.DynamicsExtensions::ToListAsync(Microsoft.Xrm.Sdk.EntityCollection,System.Threading.CancellationToken)
FNDA:0,System.Threading.Tasks.Task`1<System.Collections.Generic.List`1<Microsoft.Xrm.Sdk.Entity>> FluentDynamics.QueryBuilder.DynamicsExtensions::ToListAsync(Microsoft.Xrm.Sdk.EntityCollection,System.Threading.CancellationToken)
DA:48,0
FN:57,Microsoft.Xrm.Sdk.Entity[] FluentDynamics.QueryBuilder.DynamicsExtensions::ToArray(Microsoft.Xrm.Sdk.EntityCollection)
FNDA:0,Microsoft.Xrm.Sdk.Entity[] FluentDynamics.QueryBuilder.DynamicsExtensions::ToArray(Microsoft.Xrm.Sdk.EntityCollection)
DA:58,0
BRDA:58,1,0,0
BRDA:58,1,1,0
BRDA:58,13,0,0
BRDA:58,13,1,0
BRDA:58,25,0,0
BRDA:58,25,1,0
FN:68,System.Threading.Tasks.Task`1<Microsoft.Xrm.Sdk.Entity[]> FluentDynamics.QueryBuilder.DynamicsExtensions::ToArrayAsync(Microsoft.Xrm.Sdk.EntityCollection,System.Threading.CancellationToken)
FNDA:0,System.Threading.Tasks.Task`1<Microsoft.Xrm.Sdk.Entity[]> FluentDynamics.QueryBuilder.DynamicsExtensions::ToArrayAsync(Microsoft.Xrm.Sdk.EntityCollection,System.Threading.CancellationToken)
DA:69,0
FN:79,Microsoft.Xrm.Sdk.Entity FluentDynamics.QueryBuilder.DynamicsExtensions::FirstOrDefault(Microsoft.Xrm.Sdk.EntityCollection,System.Func`2<Microsoft.Xrm.Sdk.Entity,System.Boolean>)
FNDA:1,Microsoft.Xrm.Sdk.Entity FluentDynamics.QueryBuilder.DynamicsExtensions::FirstOrDefault(Microsoft.Xrm.Sdk.EntityCollection,System.Func`2<Microsoft.Xrm.Sdk.Entity,System.Boolean>)
DA:80,1
BRDA:80,1,0,0
BRDA:80,1,1,1
BRDA:80,12,0,0
BRDA:80,12,1,1
FN:91,System.Threading.Tasks.Task`1<Microsoft.Xrm.Sdk.Entity> FluentDynamics.QueryBuilder.DynamicsExtensions::FirstOrDefaultAsync(Microsoft.Xrm.Sdk.EntityCollection,System.Func`2<Microsoft.Xrm.Sdk.Entity,System.Boolean>,System.Threading.CancellationToken)
FNDA:0,System.Threading.Tasks.Task`1<Microsoft.Xrm.Sdk.Entity> FluentDynamics.QueryBuilder.DynamicsExtensions::FirstOrDefaultAsync(Microsoft.Xrm.Sdk.EntityCollection,System.Func`2<Microsoft.Xrm.Sdk.Entity,System.Boolean>,System.Threading.CancellationToken)
DA:92,0
FN:103,Microsoft.Xrm.Sdk.Entity FluentDynamics.QueryBuilder.DynamicsExtensions::SingleOrDefault(Microsoft.Xrm.Sdk.EntityCollection,System.Func`2<Microsoft.Xrm.Sdk.Entity,System.Boolean>)
FNDA:1,Microsoft.Xrm.Sdk.Entity FluentDynamics.QueryBuilder.DynamicsExtensions::SingleOrDefault(Microsoft.Xrm.Sdk.EntityCollection,System.Func`2<Microsoft.Xrm.Sdk.Entity,System.Boolean>)
DA:104,1
BRDA:104,1,0,0
BRDA:104,1,1,1
BRDA:104,12,0,0
BRDA:104,12,1,1
FN:116,System.Threading.Tasks.Task`1<Microsoft.Xrm.Sdk.Entity> FluentDynamics.QueryBuilder.DynamicsExtensions::SingleOrDefaultAsync(Microsoft.Xrm.Sdk.EntityCollection,System.Func`2<Microsoft.Xrm.Sdk.Entity,System.Boolean>,System.Threading.CancellationToken)
FNDA:0,System.Threading.Tasks.Task`1<Microsoft.Xrm.Sdk.Entity> FluentDynamics.QueryBuilder.DynamicsExtensions::SingleOrDefaultAsync(Microsoft.Xrm.Sdk.EntityCollection,System.Func`2<Microsoft.Xrm.Sdk.Entity,System.Boolean>,System.Threading.CancellationToken)
DA:117,0
FN:127,System.Collections.Generic.IEnumerable`1<Microsoft.Xrm.Sdk.Entity> FluentDynamics.QueryBuilder.DynamicsExtensions::Where(Microsoft.Xrm.Sdk.EntityCollection,System.Func`2<Microsoft.Xrm.Sdk.Entity,System.Boolean>)
FNDA:1,System.Collections.Generic.IEnumerable`1<Microsoft.Xrm.Sdk.Entity> FluentDynamics.QueryBuilder.DynamicsExtensions::Where(Microsoft.Xrm.Sdk.EntityCollection,System.Func`2<Microsoft.Xrm.Sdk.Entity,System.Boolean>)
DA:128,1
BRDA:128,1,0,0
BRDA:128,1,1,1
BRDA:128,13,0,0
BRDA:128,13,1,1
BRDA:128,26,0,0
BRDA:128,26,1,1
FN:139,System.Threading.Tasks.Task`1<System.Collections.Generic.IEnumerable`1<Microsoft.Xrm.Sdk.Entity>> FluentDynamics.QueryBuilder.DynamicsExtensions::WhereAsync(Microsoft.Xrm.Sdk.EntityCollection,System.Func`2<Microsoft.Xrm.Sdk.Entity,System.Boolean>,System.Threading.CancellationToken)
FNDA:0,System.Threading.Tasks.Task`1<System.Collections.Generic.IEnumerable`1<Microsoft.Xrm.Sdk.Entity>> FluentDynamics.QueryBuilder.DynamicsExtensions::WhereAsync(Microsoft.Xrm.Sdk.EntityCollection,System.Func`2<Microsoft.Xrm.Sdk.Entity,System.Boolean>,System.Threading.CancellationToken)
DA:140,0
FN:151,System.Collections.Generic.IEnumerable`1<TResult> FluentDynamics.QueryBuilder.DynamicsExtensions::Select(Microsoft.Xrm.Sdk.EntityCollection,System.Func`2<Microsoft.Xrm.Sdk.Entity,TResult>)
FNDA:0,System.Collections.Generic.IEnumerable`1<TResult> FluentDynamics.QueryBuilder.DynamicsExtensions::Select(Microsoft.Xrm.Sdk.EntityCollection,System.Func`2<Microsoft.Xrm.Sdk.Entity,TResult>)
DA:152,0
BRDA:152,1,0,0
BRDA:152,1,1,0
BRDA:152,13,0,0
BRDA:152,13,1,0
BRDA:152,26,0,0
BRDA:152,26,1,0
FN:164,System.Threading.Tasks.Task`1<System.Collections.Generic.IEnumerable`1<TResult>> FluentDynamics.QueryBuilder.DynamicsExtensions::SelectAsync(Microsoft.Xrm.Sdk.EntityCollection,System.Func`2<Microsoft.Xrm.Sdk.Entity,TResult>,System.Threading.CancellationToken)
FNDA:0,System.Threading.Tasks.Task`1<System.Collections.Generic.IEnumerable`1<TResult>> FluentDynamics.QueryBuilder.DynamicsExtensions::SelectAsync(Microsoft.Xrm.Sdk.EntityCollection,System.Func`2<Microsoft.Xrm.Sdk.Entity,TResult>,System.Threading.CancellationToken)
DA:165,0
FN:175,System.Collections.Generic.List`1<T> FluentDynamics.QueryBuilder.DynamicsExtensions::ToTypedList(Microsoft.Xrm.Sdk.EntityCollection)
FNDA:0,System.Collections.Generic.List`1<T> FluentDynamics.QueryBuilder.DynamicsExtensions::ToTypedList(Microsoft.Xrm.Sdk.EntityCollection)
DA:176,0
BRDA:176,1,0,0
BRDA:176,1,1,0
BRDA:176,13,0,0
BRDA:176,13,1,0
BRDA:176,30,0,0
BRDA:176,30,1,0
FN:187,System.Threading.Tasks.Task`1<System.Collections.Generic.List`1<T>> FluentDynamics.QueryBuilder.DynamicsExtensions::ToTypedListAsync(Microsoft.Xrm.Sdk.EntityCollection,System.Threading.CancellationToken)
FNDA:0,System.Threading.Tasks.Task`1<System.Collections.Generic.List`1<T>> FluentDynamics.QueryBuilder.DynamicsExtensions::ToTypedListAsync(Microsoft.Xrm.Sdk.EntityCollection,System.Threading.CancellationToken)
DA:188,0
FN:200,T FluentDynamics.QueryBuilder.DynamicsExtensions::TryGet(Microsoft.Xrm.Sdk.Entity,System.String,T)
FNDA:4,T FluentDynamics.QueryBuilder.DynamicsExtensions::TryGet(Microsoft.Xrm.Sdk.Entity,System.String,T)
DA:201,4
DA:202,2
DA:203,2
BRDA:201,1,0,4
BRDA:201,10,0,3
BRDA:201,26,0,2
BRDA:201,1,1,2
BRDA:201,10,1,2
BRDA:201,26,1,2
FN:216,System.Threading.Tasks.Task`1<T> FluentDynamics.QueryBuilder.DynamicsExtensions::TryGetAsync(Microsoft.Xrm.Sdk.Entity,System.String,T,System.Threading.CancellationToken)
FNDA:0,System.Threading.Tasks.Task`1<T> FluentDynamics.QueryBuilder.DynamicsExtensions::TryGetAsync(Microsoft.Xrm.Sdk.Entity,System.String,T,System.Threading.CancellationToken)
DA:217,0
FN:226,Microsoft.Xrm.Sdk.Query.QueryExpression FluentDynamics.QueryBuilder.DynamicsExtensions::ShallowClone(Microsoft.Xrm.Sdk.Query.QueryExpression)
FNDA:0,Microsoft.Xrm.Sdk.Query.QueryExpression FluentDynamics.QueryBuilder.DynamicsExtensions::ShallowClone(Microsoft.Xrm.Sdk.Query.QueryExpression)
DA:227,0
DA:228,0
DA:229,0
DA:230,0
DA:231,0
DA:232,0
DA:233,0
DA:234,0
DA:235,0
DA:236,0
DA:237,0
DA:238,0
DA:239,0
DA:240,0
DA:241,0
DA:243,0
DA:244,0
DA:245,0
FN:257,Microsoft.Xrm.Sdk.Query.QueryExpression FluentDynamics.QueryBuilder.DynamicsExtensions::DeepClone(Microsoft.Xrm.Sdk.Query.QueryExpression)
FNDA:12,Microsoft.Xrm.Sdk.Query.QueryExpression FluentDynamics.QueryBuilder.DynamicsExtensions::DeepClone(Microsoft.Xrm.Sdk.Query.QueryExpression)
DA:258,12
DA:259,1
DA:261,11
DA:262,11
DA:263,11
DA:264,11
DA:265,11
DA:266,11
DA:267,11
DA:268,11
DA:269,11
DA:270,11
DA:271,11
DA:274,11
DA:276,11
DA:277,11
DA:279,0
DA:283,11
DA:288,11
DA:290,11
DA:294,11
DA:296,11
DA:297,11
DA:298,11
DA:299,11
DA:300,11
DA:301,11
DA:302,11
DA:306,11
DA:308,1
DA:312,28
DA:314,3
DA:318,26
DA:320,2
DA:323,11
BRDA:258,1,0,1
BRDA:258,1,1,11
BRDA:274,113,0,11
BRDA:277,137,0,0
BRDA:277,137,1,11
BRDA:274,113,1,11
BRDA:288,186,0,11
BRDA:288,186,1,11
BRDA:294,211,0,11
BRDA:294,211,1,11
BRDA:306,298,0,1
BRDA:306,298,1,11
BRDA:312,361,1,3
BRDA:312,361,0,11
BRDA:318,433,1,2
BRDA:318,433,0,11
FN:330,Microsoft.Xrm.Sdk.Query.FilterExpression FluentDynamics.QueryBuilder.DynamicsExtensions::DeepCloneFilterExpression(Microsoft.Xrm.Sdk.Query.FilterExpression)
FNDA:15,Microsoft.Xrm.Sdk.Query.FilterExpression FluentDynamics.QueryBuilder.DynamicsExtensions::DeepCloneFilterExpression(Microsoft.Xrm.Sdk.Query.FilterExpression)
DA:331,15
DA:332,0
DA:334,15
DA:335,15
DA:336,15
DA:337,15
DA:338,15
DA:341,38
DA:343,4
DA:344,4
DA:345,4
DA:346,4
DA:347,4
DA:348,4
DA:351,4
DA:353,4
DA:356,4
DA:360,30
DA:362,0
DA:365,15
BRDA:331,1,0,0
BRDA:331,1,1,15
BRDA:341,155,1,4
BRDA:351,104,0,4
BRDA:351,118,0,4
BRDA:351,104,1,4
BRDA:351,118,1,4
BRDA:341,155,0,15
BRDA:360,218,1,0
BRDA:360,218,0,15
FN:372,Microsoft.Xrm.Sdk.Query.LinkEntity FluentDynamics.QueryBuilder.DynamicsExtensions::DeepCloneLinkEntity(Microsoft.Xrm.Sdk.Query.LinkEntity)
FNDA:4,Microsoft.Xrm.Sdk.Query.LinkEntity FluentDynamics.QueryBuilder.DynamicsExtensions::DeepCloneLinkEntity(Microsoft.Xrm.Sdk.Query.LinkEntity)
DA:373,4
DA:374,0
DA:376,4
DA:377,4
DA:378,4
DA:379,4
DA:380,4
DA:381,4
DA:382,4
DA:383,4
DA:384,4
DA:385,4
DA:388,4
DA:390,4
DA:391,4
DA:393,0
DA:397,4
DA:402,4
DA:404,4
DA:408,8
DA:410,0
DA:414,10
DA:416,1
DA:419,4
BRDA:373,1,0,0
BRDA:373,1,1,4
BRDA:388,101,0,4
BRDA:391,125,0,0
BRDA:391,125,1,4
BRDA:388,101,1,4
BRDA:402,174,0,4
BRDA:402,174,1,4
BRDA:408,248,1,0
BRDA:408,248,0,4
BRDA:414,308,1,1
BRDA:414,308,0,4
LF:119
LH:84
BRF:82
BRH:48
FNF:21
FNH:9
end_of_record
SF:C:\Users\ulas.erkus\source\repos\fluent-dynamics\FluentDynamics.QueryBuilder\FilterBuilder.cs
FN:33,FluentDynamics.QueryBuilder.FilterBuilder FluentDynamics.QueryBuilder.FilterBuilder::Condition(System.String,Microsoft.Xrm.Sdk.Query.ConditionOperator,System.Object)
FNDA:18,FluentDynamics.QueryBuilder.FilterBuilder FluentDynamics.QueryBuilder.FilterBuilder::Condition(System.String,Microsoft.Xrm.Sdk.Query.ConditionOperator,System.Object)
DA:34,18
DA:35,2
DA:37,16
DA:39,18
BRDA:34,1,0,2
BRDA:34,1,1,16
FN:48,FluentDynamics.QueryBuilder.FilterBuilder FluentDynamics.QueryBuilder.FilterBuilder::And(System.Action`1<FluentDynamics.QueryBuilder.FilterBuilder>)
FNDA:3,FluentDynamics.QueryBuilder.FilterBuilder FluentDynamics.QueryBuilder.FilterBuilder::And(System.Action`1<FluentDynamics.QueryBuilder.FilterBuilder>)
DA:49,3
DA:50,3
DA:51,3
DA:52,3
FN:61,FluentDynamics.QueryBuilder.FilterBuilder FluentDynamics.QueryBuilder.FilterBuilder::Or(System.Action`1<FluentDynamics.QueryBuilder.FilterBuilder>)
FNDA:3,FluentDynamics.QueryBuilder.FilterBuilder FluentDynamics.QueryBuilder.FilterBuilder::Or(System.Action`1<FluentDynamics.QueryBuilder.FilterBuilder>)
DA:62,3
DA:63,3
DA:64,3
DA:65,3
FN:71,Microsoft.Xrm.Sdk.Query.FilterExpression FluentDynamics.QueryBuilder.FilterBuilder::ToExpression()
FNDA:9,Microsoft.Xrm.Sdk.Query.FilterExpression FluentDynamics.QueryBuilder.FilterBuilder::ToExpression()
DA:72,9
FN:19,System.Void FluentDynamics.QueryBuilder.FilterBuilder::.ctor(Microsoft.Xrm.Sdk.Query.LogicalOperator)
FNDA:15,System.Void FluentDynamics.QueryBuilder.FilterBuilder::.ctor(Microsoft.Xrm.Sdk.Query.LogicalOperator)
DA:20,15
DA:22,15
DA:23,15
LF:16
LH:16
BRF:2
BRH:2
FNF:5
FNH:5
end_of_record
SF:C:\Users\ulas.erkus\source\repos\fluent-dynamics\FluentDynamics.QueryBuilder\LinkEntityBuilder.cs
FN:28,FluentDynamics.QueryBuilder.LinkEntityBuilder FluentDynamics.QueryBuilder.LinkEntityBuilder::Select(System.String[])
FNDA:8,FluentDynamics.QueryBuilder.LinkEntityBuilder FluentDynamics.QueryBuilder.LinkEntityBuilder::Select(System.String[])
DA:29,8
DA:30,8
FN:38,FluentDynamics.QueryBuilder.LinkEntityBuilder FluentDynamics.QueryBuilder.LinkEntityBuilder::SelectAll()
FNDA:1,FluentDynamics.QueryBuilder.LinkEntityBuilder FluentDynamics.QueryBuilder.LinkEntityBuilder::SelectAll()
DA:39,1
DA:40,1
FN:49,FluentDynamics.QueryBuilder.LinkEntityBuilder FluentDynamics.QueryBuilder.LinkEntityBuilder::As(System.String)
FNDA:6,FluentDynamics.QueryBuilder.LinkEntityBuilder FluentDynamics.QueryBuilder.LinkEntityBuilder::As(System.String)
DA:50,6
DA:51,6
FN:60,FluentDynamics.QueryBuilder.LinkEntityBuilder FluentDynamics.QueryBuilder.LinkEntityBuilder::ForceSeek(System.String)
FNDA:2,FluentDynamics.QueryBuilder.LinkEntityBuilder FluentDynamics.QueryBuilder.LinkEntityBuilder::ForceSeek(System.String)
DA:61,2
DA:62,2
FN:72,FluentDynamics.QueryBuilder.LinkEntityBuilder FluentDynamics.QueryBuilder.LinkEntityBuilder::OrderBy(System.String,Microsoft.Xrm.Sdk.Query.OrderType)
FNDA:3,FluentDynamics.QueryBuilder.LinkEntityBuilder FluentDynamics.QueryBuilder.LinkEntityBuilder::OrderBy(System.String,Microsoft.Xrm.Sdk.Query.OrderType)
DA:73,3
DA:74,3
FN:84,FluentDynamics.QueryBuilder.LinkEntityBuilder FluentDynamics.QueryBuilder.LinkEntityBuilder::Where(System.Action`1<FluentDynamics.QueryBuilder.FilterBuilder>)
FNDA:5,FluentDynamics.QueryBuilder.LinkEntityBuilder FluentDynamics.QueryBuilder.LinkEntityBuilder::Where(System.Action`1<FluentDynamics.QueryBuilder.FilterBuilder>)
DA:85,5
DA:86,5
DA:87,5
DA:88,5
FN:106,FluentDynamics.QueryBuilder.LinkEntityBuilder FluentDynamics.QueryBuilder.LinkEntityBuilder::Link(System.String,System.String,System.String,Microsoft.Xrm.Sdk.Query.JoinOperator,System.Action`1<FluentDynamics.QueryBuilder.LinkEntityBuilder>)
FNDA:4,FluentDynamics.QueryBuilder.LinkEntityBuilder FluentDynamics.QueryBuilder.LinkEntityBuilder::Link(System.String,System.String,System.String,Microsoft.Xrm.Sdk.Query.JoinOperator,System.Action`1<FluentDynamics.QueryBuilder.LinkEntityBuilder>)
DA:107,4
DA:108,4
DA:109,4
DA:110,4
DA:111,4
FN:16,System.Void FluentDynamics.QueryBuilder.LinkEntityBuilder::.ctor(Microsoft.Xrm.Sdk.Query.LinkEntity)
FNDA:19,System.Void FluentDynamics.QueryBuilder.LinkEntityBuilder::.ctor(Microsoft.Xrm.Sdk.Query.LinkEntity)
DA:17,19
DA:19,19
DA:20,19
LF:22
LH:22
BRF:0
BRH:0
FNF:8
FNH:8
end_of_record
SF:C:\Users\ulas.erkus\source\repos\fluent-dynamics\FluentDynamics.QueryBuilder\Query.cs
FN:15,FluentDynamics.QueryBuilder.QueryExpressionBuilder FluentDynamics.QueryBuilder.Query::For(System.String)
FNDA:35,FluentDynamics.QueryBuilder.QueryExpressionBuilder FluentDynamics.QueryBuilder.Query::For(System.String)
DA:16,35
LF:1
LH:1
BRF:0
BRH:0
FNF:1
FNH:1
end_of_record
SF:C:\Users\ulas.erkus\source\repos\fluent-dynamics\FluentDynamics.QueryBuilder\QueryExpressionBuilder.cs
FN:35,FluentDynamics.QueryBuilder.QueryExpressionBuilder FluentDynamics.QueryBuilder.QueryExpressionBuilder::Select(System.String[])
FNDA:11,FluentDynamics.QueryBuilder.QueryExpressionBuilder FluentDynamics.QueryBuilder.QueryExpressionBuilder::Select(System.String[])
DA:36,11
DA:37,11
DA:38,11
FN:46,FluentDynamics.QueryBuilder.QueryExpressionBuilder FluentDynamics.QueryBuilder.QueryExpressionBuilder::SelectAll()
FNDA:3,FluentDynamics.QueryBuilder.QueryExpressionBuilder FluentDynamics.QueryBuilder.QueryExpressionBuilder::SelectAll()
DA:47,3
DA:48,3
FN:57,FluentDynamics.QueryBuilder.QueryExpressionBuilder FluentDynamics.QueryBuilder.QueryExpressionBuilder::QueryHint(System.String)
FNDA:0,FluentDynamics.QueryBuilder.QueryExpressionBuilder FluentDynamics.QueryBuilder.QueryExpressionBuilder::QueryHint(System.String)
DA:58,0
DA:59,0
FN:68,FluentDynamics.QueryBuilder.QueryExpressionBuilder FluentDynamics.QueryBuilder.QueryExpressionBuilder::ForceSeek(System.String)
FNDA:0,FluentDynamics.QueryBuilder.QueryExpressionBuilder FluentDynamics.QueryBuilder.QueryExpressionBuilder::ForceSeek(System.String)
DA:69,0
DA:70,0
FN:78,FluentDynamics.QueryBuilder.QueryExpressionBuilder FluentDynamics.QueryBuilder.QueryExpressionBuilder::Distinct()
FNDA:0,FluentDynamics.QueryBuilder.QueryExpressionBuilder FluentDynamics.QueryBuilder.QueryExpressionBuilder::Distinct()
DA:79,0
DA:80,0
FN:88,FluentDynamics.QueryBuilder.QueryExpressionBuilder FluentDynamics.QueryBuilder.QueryExpressionBuilder::NoLock()
FNDA:0,FluentDynamics.QueryBuilder.QueryExpressionBuilder FluentDynamics.QueryBuilder.QueryExpressionBuilder::NoLock()
DA:89,0
DA:90,0
FN:100,FluentDynamics.QueryBuilder.QueryExpressionBuilder FluentDynamics.QueryBuilder.QueryExpressionBuilder::Where(System.Action`1<FluentDynamics.QueryBuilder.FilterBuilder>)
FNDA:3,FluentDynamics.QueryBuilder.QueryExpressionBuilder FluentDynamics.QueryBuilder.QueryExpressionBuilder::Where(System.Action`1<FluentDynamics.QueryBuilder.FilterBuilder>)
DA:101,3
DA:102,3
DA:103,3
DA:104,3
FN:114,FluentDynamics.QueryBuilder.QueryExpressionBuilder FluentDynamics.QueryBuilder.QueryExpressionBuilder::OrderBy(System.String,Microsoft.Xrm.Sdk.Query.OrderType)
FNDA:3,FluentDynamics.QueryBuilder.QueryExpressionBuilder FluentDynamics.QueryBuilder.QueryExpressionBuilder::OrderBy(System.String,Microsoft.Xrm.Sdk.Query.OrderType)
DA:115,3
DA:116,3
FN:125,FluentDynamics.QueryBuilder.QueryExpressionBuilder FluentDynamics.QueryBuilder.QueryExpressionBuilder::Top(System.Int32)
FNDA:4,FluentDynamics.QueryBuilder.QueryExpressionBuilder FluentDynamics.QueryBuilder.QueryExpressionBuilder::Top(System.Int32)
DA:126,4
DA:127,4
FN:145,FluentDynamics.QueryBuilder.QueryExpressionBuilder FluentDynamics.QueryBuilder.QueryExpressionBuilder::Link(System.String,System.String,System.String,Microsoft.Xrm.Sdk.Query.JoinOperator,System.Action`1<FluentDynamics.QueryBuilder.LinkEntityBuilder>)
FNDA:15,FluentDynamics.QueryBuilder.QueryExpressionBuilder FluentDynamics.QueryBuilder.QueryExpressionBuilder::Link(System.String,System.String,System.String,Microsoft.Xrm.Sdk.Query.JoinOperator,System.Action`1<FluentDynamics.QueryBuilder.LinkEntityBuilder>)
DA:146,15
DA:147,15
DA:148,15
DA:149,15
DA:150,15
FN:159,Microsoft.Xrm.Sdk.EntityCollection FluentDynamics.QueryBuilder.QueryExpressionBuilder::RetrieveMultiple(Microsoft.Xrm.Sdk.IOrganizationService)
FNDA:0,Microsoft.Xrm.Sdk.EntityCollection FluentDynamics.QueryBuilder.QueryExpressionBuilder::RetrieveMultiple(Microsoft.Xrm.Sdk.IOrganizationService)
DA:160,0
FN:171,Microsoft.Xrm.Sdk.EntityCollection FluentDynamics.QueryBuilder.QueryExpressionBuilder::RetrieveMultiple(Microsoft.Xrm.Sdk.IOrganizationService,System.Int32,System.Int32)
FNDA:0,Microsoft.Xrm.Sdk.EntityCollection FluentDynamics.QueryBuilder.QueryExpressionBuilder::RetrieveMultiple(Microsoft.Xrm.Sdk.IOrganizationService,System.Int32,System.Int32)
DA:172,0
DA:173,0
DA:174,0
DA:175,0
DA:176,0
DA:177,0
DA:178,0
FN:187,Microsoft.Xrm.Sdk.EntityCollection FluentDynamics.QueryBuilder.QueryExpressionBuilder::RetrieveMultipleAllPages(Microsoft.Xrm.Sdk.IOrganizationService)
FNDA:1,Microsoft.Xrm.Sdk.EntityCollection FluentDynamics.QueryBuilder.QueryExpressionBuilder::RetrieveMultipleAllPages(Microsoft.Xrm.Sdk.IOrganizationService)
DA:188,1
DA:189,1
DA:190,1
DA:191,1
DA:193,1
DA:197,2
DA:198,2
DA:199,2
DA:200,2
DA:201,2
DA:202,2
DA:204,2
DA:206,2
DA:207,2
DA:209,2
DA:210,2
DA:211,2
DA:213,2
DA:215,1
BRDA:213,128,1,2
BRDA:206,85,0,2
BRDA:206,85,1,2
BRDA:213,128,0,1
FN:225,System.Threading.Tasks.Task`1<Microsoft.Xrm.Sdk.EntityCollection> FluentDynamics.QueryBuilder.QueryExpressionBuilder::RetrieveMultipleAsync(Microsoft.Xrm.Sdk.IOrganizationService,System.Threading.CancellationToken)
FNDA:0,System.Threading.Tasks.Task`1<Microsoft.Xrm.Sdk.EntityCollection> FluentDynamics.QueryBuilder.QueryExpressionBuilder::RetrieveMultipleAsync(Microsoft.Xrm.Sdk.IOrganizationService,System.Threading.CancellationToken)
DA:226,0
FN:238,System.Threading.Tasks.Task`1<Microsoft.Xrm.Sdk.EntityCollection> FluentDynamics.QueryBuilder.QueryExpressionBuilder::RetrieveMultipleAsync(Microsoft.Xrm.Sdk.IOrganizationService,System.Int32,System.Int32,System.Threading.CancellationToken)
FNDA:0,System.Threading.Tasks.Task`1<Microsoft.Xrm.Sdk.EntityCollection> FluentDynamics.QueryBuilder.QueryExpressionBuilder::RetrieveMultipleAsync(Microsoft.Xrm.Sdk.IOrganizationService,System.Int32,System.Int32,System.Threading.CancellationToken)
DA:239,0
FN:249,System.Threading.Tasks.Task`1<Microsoft.Xrm.Sdk.EntityCollection> FluentDynamics.QueryBuilder.QueryExpressionBuilder::RetrieveMultipleAllPagesAsync(Microsoft.Xrm.Sdk.IOrganizationService,System.Threading.CancellationToken)
FNDA:0,System.Threading.Tasks.Task`1<Microsoft.Xrm.Sdk.EntityCollection> FluentDynamics.QueryBuilder.QueryExpressionBuilder::RetrieveMultipleAllPagesAsync(Microsoft.Xrm.Sdk.IOrganizationService,System.Threading.CancellationToken)
DA:250,0
FN:256,Microsoft.Xrm.Sdk.Query.QueryExpression FluentDynamics.QueryBuilder.QueryExpressionBuilder::ToQueryExpression()
FNDA:34,Microsoft.Xrm.Sdk.Query.QueryExpression FluentDynamics.QueryBuilder.QueryExpressionBuilder::ToQueryExpression()
DA:257,34
FN:265,Microsoft.Xrm.Sdk.Query.FetchExpression FluentDynamics.QueryBuilder.QueryExpressionBuilder::ToFetchExpression(Microsoft.Xrm.Sdk.IOrganizationService)
FNDA:1,Microsoft.Xrm.Sdk.Query.FetchExpression FluentDynamics.QueryBuilder.QueryExpressionBuilder::ToFetchExpression(Microsoft.Xrm.Sdk.IOrganizationService)
DA:266,1
DA:267,1
DA:268,1
DA:269,1
DA:270,1
DA:271,1
FN:20,System.Void FluentDynamics.QueryBuilder.QueryExpressionBuilder::.ctor(System.String)
FNDA:36,System.Void FluentDynamics.QueryBuilder.QueryExpressionBuilder::.ctor(System.String)
DA:21,36
DA:23,36
DA:24,36
DA:25,36
DA:26,36
DA:27,36
LF:69
LH:50
BRF:4
BRH:4
FNF:19
FNH:10
end_of_record